-------------------------------------------------------------------------------
Test set: com.dhika.dhikabelajarspringdasar.DhikaBelajarSpringDasarApplicationTests
-------------------------------------------------------------------------------
Tests run: 1, Failures: 0, Errors: 1, Skipped: 0, Time elapsed: 0.597 s <<< FAILURE! - in com.dhika.dhikabelajarspringdasar.DhikaBelajarSpringDasarApplicationTests
contextLoads  Time elapsed: 0 s  <<< ERROR!
java.lang.IllegalStateException: Failed to load ApplicationContext
Caused by: org.springframework.beans.factory.support.BeanDefinitionOverrideException: Invalid bean definition with name 'fooFirst' defined in class path resource [com/dhika/dhikabelajarspringdasar/DependencyInjectionConfiguration.class]: Cannot register bean definition [Root bean: class [null]; scope=; abstract=false; lazyInit=null; autowireMode=3; dependencyCheck=0; autowireCandidate=true; primary=true; factoryBeanName=dependencyInjectionConfiguration; factoryMethodName=fooFirst; initMethodName=null; destroyMethodName=(inferred); defined in class path resource [com/dhika/dhikabelajarspringdasar/DependencyInjectionConfiguration.class]] for bean 'fooFirst': There is already [Root bean: class [null]; scope=; abstract=false; lazyInit=null; autowireMode=3; dependencyCheck=0; autowireCandidate=true; primary=true; factoryBeanName=beanNameConfiguration; factoryMethodName=foo1; initMethodName=null; destroyMethodName=(inferred); defined in class path resource [com/dhika/dhikabelajarspringdasar/BeanNameConfiguration.class]] bound.

